<?xml version="1.0" encoding="UTF-8"?>
<!-- Generated by org.testng.reporters.JUnitXMLReporter -->
<testsuite ignored="0" hostname="LOXTIPL00004542" failures="2" tests="2" name="Test" time="0.066" errors="0" timestamp="2022-07-03T11:57:52 IST">
  <testcase classname="com.umeshStore.testcases.IndexPageTest" name="verifyLogo" time="0.033">
    <failure type="java.lang.AssertionError" message="expected [true] but found [false]">
      <![CDATA[java.lang.AssertionError: expected [true] but found [false]
at com.umeshStore.testcases.IndexPageTest.verifyLogo(IndexPageTest.java:47)
at java.base/java.util.ArrayList.forEach(ArrayList.java:1511)
... Removed 29 stack frames]]>
    </failure>
  </testcase> <!-- verifyLogo -->
  <testcase classname="com.umeshStore.testcases.IndexPageTest" name="verifyTitleLogo" time="0.001">
    <failure type="java.lang.NullPointerException" message="Cannot invoke &amp;quot;org.openqa.selenium.WebDriver.getTitle()&amp;quot; because the return value of &amp;quot;com.umeshStore.pageObjects.Login_Page.getDriver()&amp;quot; is null">
      <![CDATA[java.lang.NullPointerException: Cannot invoke "org.openqa.selenium.WebDriver.getTitle()" because the return value of "com.umeshStore.pageObjects.Login_Page.getDriver()" is null
at com.umeshStore.pageObjects.Login_Page.getUmeshStoreTitle(Login_Page.java:44)
at com.umeshStore.testcases.IndexPageTest.verifyTitleLogo(IndexPageTest.java:58)
at java.base/java.util.ArrayList.forEach(ArrayList.java:1511)
... Removed 25 stack frames]]>
    </failure>
  </testcase> <!-- verifyTitleLogo -->
</testsuite> <!-- Test -->
